Running: C:\Xilinx\14.7\ISE_DS\ISE\bin\nt\unwrapped\fuse.exe -intstyle ise -incremental -o C:/Users/Home/Desktop/Lab6C/seg7/test_isim_beh.exe -prj C:/Users/Home/Desktop/Lab6C/seg7/test_beh.prj work.test 
ISim P.20131013 (signature 0x8ef4fb42)
Number of CPUs detected in this system: 4
Turning on mult-threading, number of parallel sub-compilation jobs: 8 
Determining compilation order of HDL files
Parsing VHDL file "C:/Users/Home/Desktop/Lab6C/seg7/../../AZ6/6A/VHDL code/mux_1.vhd" into library work
Parsing VHDL file "C:/Users/Home/Desktop/Lab6C/seg7/../../AZ6/6A/VHDL code/DFF.vhd" into library work
Parsing VHDL file "C:/Users/Home/Desktop/Lab6C/seg7/../../AZ6/6B/VHDL code/clock_delay.vhd" into library work
Parsing VHDL file "C:/Users/Home/Desktop/Lab6C/seg7/../../AZ6/6A/VHDL code/REG.vhd" into library work
Parsing VHDL file "C:/Users/Home/Desktop/Lab6C/seg7/seg7.vhd" into library work
Parsing VHDL file "C:/Users/Home/Desktop/Lab6C/seg7/test.vhd" into library work
Starting static elaboration
Completed static elaboration
Fuse Memory Usage: 149100 KB
Fuse CPU Usage: 343 ms
Compiling package standard
Compiling package std_logic_1164
Compiling architecture behavioral of entity clock_delay [clock_delay_default]
Compiling architecture struct of entity mux_1 [mux_1_default]
Compiling architecture struct of entity DFF [dff_default]
Compiling architecture struct of entity REG [reg_default]
Compiling architecture behavioral of entity seg7 [seg7_default]
Compiling architecture behavior of entity test
Time Resolution for simulation is 1ps.
Waiting for 1 sub-compilation(s) to finish...
Compiled 13 VHDL Units
Built simulation executable C:/Users/Home/Desktop/Lab6C/seg7/test_isim_beh.exe
Fuse Memory Usage: 158928 KB
Fuse CPU Usage: 421 ms
